# JRE version: OpenJDK Runtime Environment (8.0_222-b10) (build 1.8.0_222-8u222-b10-1ubuntu1~18.04.1-b10)
# Java VM: OpenJDK 64-Bit Server VM (25.222-b10 mixed mode linux-amd64 compressed oops)
Heap:
 PSYoungGen      total 132608K, used 6370K [0x00000000eb700000, 0x00000000f5880000, 0x0000000100000000)
  eden space 121856K, 0% used [0x00000000eb700000,0x00000000eb700000,0x00000000f2e00000)
  from space 10752K, 59% used [0x00000000f4e00000,0x00000000f5438a78,0x00000000f5880000)
  to   space 8192K, 0% used [0x00000000f2e00000,0x00000000f2e00000,0x00000000f3600000)
 ParOldGen       total 28672K, used 11316K [0x00000000c2400000, 0x00000000c4000000, 0x00000000eb700000)
  object space 28672K, 39% used [0x00000000c2400000,0x00000000c2f0d080,0x00000000c4000000)
 Metaspace       used 33761K, capacity 35232K, committed 35416K, reserved 1081344K
  class space    used 4212K, capacity 4490K, committed 4608K, reserved 1048576K
GC Heap History (10 events):
Event: 3.118 GC heap after
Heap after GC invocations=6 (full 0):
 PSYoungGen      total 68096K, used 6138K [0x00000000eb700000, 0x00000000f0400000, 0x0000000100000000)
  eden space 61952K, 0% used [0x00000000eb700000,0x00000000eb700000,0x00000000ef380000)
  from space 6144K, 99% used [0x00000000efb00000,0x00000000f00fea70,0x00000000f0100000)
  to   space 7680K, 0% used [0x00000000ef380000,0x00000000ef380000,0x00000000efb00000)
 ParOldGen       total 42496K, used 7290K [0x00000000c2400000, 0x00000000c4d80000, 0x00000000eb700000)
  object space 42496K, 17% used [0x00000000c2400000,0x00000000c2b1e930,0x00000000c4d80000)
 Metaspace       used 19837K, capacity 20296K, committed 20608K, reserved 1067008K
  class space    used 2509K, capacity 2650K, committed 2688K, reserved 1048576K
}
Event: 3.243 GC heap before
{Heap before GC invocations=7 (full 0):
 PSYoungGen      total 68096K, used 44713K [0x00000000eb700000, 0x00000000f0400000, 0x0000000100000000)
  eden space 61952K, 62% used [0x00000000eb700000,0x00000000edcaba50,0x00000000ef380000)
  from space 6144K, 99% used [0x00000000efb00000,0x00000000f00fea70,0x00000000f0100000)
  to   space 7680K, 0% used [0x00000000ef380000,0x00000000ef380000,0x00000000efb00000)
 ParOldGen       total 42496K, used 7290K [0x00000000c2400000, 0x00000000c4d80000, 0x00000000eb700000)
  object space 42496K, 17% used [0x00000000c2400000,0x00000000c2b1e930,0x00000000c4d80000)
 Metaspace       used 20655K, capacity 21096K, committed 21248K, reserved 1067008K
  class space    used 2594K, capacity 2746K, committed 2816K, reserved 1048576K
Event: 3.252 GC heap after
Heap after GC invocations=7 (full 0):
 PSYoungGen      total 69632K, used 2766K [0x00000000eb700000, 0x00000000f3e00000, 0x0000000100000000)
  eden space 61952K, 0% used [0x00000000eb700000,0x00000000eb700000,0x00000000ef380000)
  from space 7680K, 36% used [0x00000000ef380000,0x00000000ef633b48,0x00000000efb00000)
  to   space 7168K, 0% used [0x00000000f3700000,0x00000000f3700000,0x00000000f3e00000)
 ParOldGen       total 42496K, used 8733K [0x00000000c2400000, 0x00000000c4d80000, 0x00000000eb700000)
  object space 42496K, 20% used [0x00000000c2400000,0x00000000c2c87570,0x00000000c4d80000)
 Metaspace       used 20655K, capacity 21096K, committed 21248K, reserved 1067008K
  class space    used 2594K, capacity 2746K, committed 2816K, reserved 1048576K
}
Event: 3.253 GC heap before
{Heap before GC invocations=8 (full 1):
 PSYoungGen      total 69632K, used 2766K [0x00000000eb700000, 0x00000000f3e00000, 0x0000000100000000)
  eden space 61952K, 0% used [0x00000000eb700000,0x00000000eb700000,0x00000000ef380000)
  from space 7680K, 36% used [0x00000000ef380000,0x00000000ef633b48,0x00000000efb00000)
  to   space 7168K, 0% used [0x00000000f3700000,0x00000000f3700000,0x00000000f3e00000)
 ParOldGen       total 42496K, used 8733K [0x00000000c2400000, 0x00000000c4d80000, 0x00000000eb700000)
  object space 42496K, 20% used [0x00000000c2400000,0x00000000c2c87570,0x00000000c4d80000)
 Metaspace       used 20655K, capacity 21096K, committed 21248K, reserved 1067008K
  class space    used 2594K, capacity 2746K, committed 2816K, reserved 1048576K
Event: 3.306 GC heap after
Heap after GC invocations=8 (full 1):
 PSYoungGen      total 69632K, used 0K [0x00000000eb700000, 0x00000000f3e00000, 0x0000000100000000)
  eden space 61952K, 0% used [0x00000000eb700000,0x00000000eb700000,0x00000000ef380000)
  from space 7680K, 0% used [0x00000000ef380000,0x00000000ef380000,0x00000000efb00000)
  to   space 7168K, 0% used [0x00000000f3700000,0x00000000f3700000,0x00000000f3e00000)
 ParOldGen       total 28672K, used 4993K [0x00000000c2400000, 0x00000000c4000000, 0x00000000eb700000)
  object space 28672K, 17% used [0x00000000c2400000,0x00000000c28e06f8,0x00000000c4000000)
 Metaspace       used 20655K, capacity 21096K, committed 21248K, reserved 1067008K
  class space    used 2594K, capacity 2746K, committed 2816K, reserved 1048576K
}
Event: 4.974 GC heap before
{Heap before GC invocations=9 (full 1):
 PSYoungGen      total 69632K, used 61952K [0x00000000eb700000, 0x00000000f3e00000, 0x0000000100000000)
  eden space 61952K, 100% used [0x00000000eb700000,0x00000000ef380000,0x00000000ef380000)
  from space 7680K, 0% used [0x00000000ef380000,0x00000000ef380000,0x00000000efb00000)
  to   space 7168K, 0% used [0x00000000f3700000,0x00000000f3700000,0x00000000f3e00000)
 ParOldGen       total 28672K, used 4993K [0x00000000c2400000, 0x00000000c4000000, 0x00000000eb700000)
  object space 28672K, 17% used [0x00000000c2400000,0x00000000c28e06f8,0x00000000c4000000)
 Metaspace       used 25492K, capacity 26408K, committed 26496K, reserved 1073152K
  class space    used 3218K, capacity 3442K, committed 3456K, reserved 1048576K
Event: 4.990 GC heap after
Heap after GC invocations=9 (full 1):
 PSYoungGen      total 111104K, used 7084K [0x00000000eb700000, 0x00000000f3e00000, 0x0000000100000000)
  eden space 103936K, 0% used [0x00000000eb700000,0x00000000eb700000,0x00000000f1c80000)
  from space 7168K, 98% used [0x00000000f3700000,0x00000000f3deb2e8,0x00000000f3e00000)
  to   space 8192K, 0% used [0x00000000f2e00000,0x00000000f2e00000,0x00000000f3600000)
 ParOldGen       total 28672K, used 5001K [0x00000000c2400000, 0x00000000c4000000, 0x00000000eb700000)
  object space 28672K, 17% used [0x00000000c2400000,0x00000000c28e26f8,0x00000000c4000000)
 Metaspace       used 25492K, capacity 26408K, committed 26496K, reserved 1073152K
  class space    used 3218K, capacity 3442K, committed 3456K, reserved 1048576K
}
Event: 7.128 GC heap before
{Heap before GC invocations=10 (full 1):
 PSYoungGen      total 111104K, used 111020K [0x00000000eb700000, 0x00000000f3e00000, 0x0000000100000000)
  eden space 103936K, 100% used [0x00000000eb700000,0x00000000f1c80000,0x00000000f1c80000)
  from space 7168K, 98% used [0x00000000f3700000,0x00000000f3deb2e8,0x00000000f3e00000)
  to   space 8192K, 0% used [0x00000000f2e00000,0x00000000f2e00000,0x00000000f3600000)
 ParOldGen       total 28672K, used 5001K [0x00000000c2400000, 0x00000000c4000000, 0x00000000eb700000)
  object space 28672K, 17% used [0x00000000c2400000,0x00000000c28e26f8,0x00000000c4000000)
 Metaspace       used 31789K, capacity 33204K, committed 33536K, reserved 1079296K
  class space    used 3971K, capacity 4246K, committed 4352K, reserved 1048576K
Event: 7.159 GC heap after
Heap after GC invocations=10 (full 1):
 PSYoungGen      total 130048K, used 8183K [0x00000000eb700000, 0x00000000f5880000, 0x0000000100000000)
  eden space 121856K, 0% used [0x00000000eb700000,0x00000000eb700000,0x00000000f2e00000)
  from space 8192K, 99% used [0x00000000f2e00000,0x00000000f35fdc70,0x00000000f3600000)
  to   space 10752K, 0% used [0x00000000f4e00000,0x00000000f4e00000,0x00000000f5880000)
 ParOldGen       total 28672K, used 8000K [0x00000000c2400000, 0x00000000c4000000, 0x00000000eb700000)
  object space 28672K, 27% used [0x00000000c2400000,0x00000000c2bd0010,0x00000000c4000000)
 Metaspace       used 31789K, capacity 33204K, committed 33536K, reserved 1079296K
  class space    used 3971K, capacity 4246K, committed 4352K, reserved 1048576K
}
Event: 8.192 GC heap before
{Heap before GC invocations=11 (full 1):
 PSYoungGen      total 130048K, used 30529K [0x00000000eb700000, 0x00000000f5880000, 0x0000000100000000)
  eden space 121856K, 18% used [0x00000000eb700000,0x00000000eccd2858,0x00000000f2e00000)
  from space 8192K, 99% used [0x00000000f2e00000,0x00000000f35fdc70,0x00000000f3600000)
  to   space 10752K, 0% used [0x00000000f4e00000,0x00000000f4e00000,0x00000000f5880000)
 ParOldGen       total 28672K, used 8000K [0x00000000c2400000, 0x00000000c4000000, 0x00000000eb700000)
  object space 28672K, 27% used [0x00000000c2400000,0x00000000c2bd0010,0x00000000c4000000)
 Metaspace       used 33761K, capacity 35232K, committed 35416K, reserved 1081344K
  class space    used 4212K, capacity 4490K, committed 4608K, reserved 1048576K

