# JRE version: OpenJDK Runtime Environment (8.0_222-b10) (build 1.8.0_222-8u222-b10-1ubuntu1~18.04.1-b10)
# Java VM: OpenJDK 64-Bit Server VM (25.222-b10 mixed mode linux-amd64 compressed oops)
Heap:
 PSYoungGen      total 133632K, used 5851K [0x00000000eb700000, 0x00000000f5f00000, 0x0000000100000000)
  eden space 122880K, 0% used [0x00000000eb700000,0x00000000eb700000,0x00000000f2f00000)
  from space 10752K, 54% used [0x00000000f5480000,0x00000000f5a36ed0,0x00000000f5f00000)
  to   space 8192K, 0% used [0x00000000f2f00000,0x00000000f2f00000,0x00000000f3700000)
 ParOldGen       total 29184K, used 12568K [0x00000000c2400000, 0x00000000c4080000, 0x00000000eb700000)
  object space 29184K, 43% used [0x00000000c2400000,0x00000000c3046090,0x00000000c4080000)
 Metaspace       used 33755K, capacity 35236K, committed 35416K, reserved 1081344K
  class space    used 4215K, capacity 4490K, committed 4608K, reserved 1048576K
GC Heap History (10 events):
Event: 2.854 GC heap after
Heap after GC invocations=6 (full 0):
 PSYoungGen      total 68608K, used 6134K [0x00000000eb700000, 0x00000000f0300000, 0x0000000100000000)
  eden space 62464K, 0% used [0x00000000eb700000,0x00000000eb700000,0x00000000ef400000)
  from space 6144K, 99% used [0x00000000efb00000,0x00000000f00fd9c0,0x00000000f0100000)
  to   space 7168K, 0% used [0x00000000ef400000,0x00000000ef400000,0x00000000efb00000)
 ParOldGen       total 42496K, used 6952K [0x00000000c2400000, 0x00000000c4d80000, 0x00000000eb700000)
  object space 42496K, 16% used [0x00000000c2400000,0x00000000c2aca078,0x00000000c4d80000)
 Metaspace       used 19424K, capacity 19940K, committed 20352K, reserved 1067008K
  class space    used 2435K, capacity 2590K, committed 2688K, reserved 1048576K
}
Event: 3.029 GC heap before
{Heap before GC invocations=7 (full 0):
 PSYoungGen      total 68608K, used 47281K [0x00000000eb700000, 0x00000000f0300000, 0x0000000100000000)
  eden space 62464K, 65% used [0x00000000eb700000,0x00000000edf2ed90,0x00000000ef400000)
  from space 6144K, 99% used [0x00000000efb00000,0x00000000f00fd9c0,0x00000000f0100000)
  to   space 7168K, 0% used [0x00000000ef400000,0x00000000ef400000,0x00000000efb00000)
 ParOldGen       total 42496K, used 6952K [0x00000000c2400000, 0x00000000c4d80000, 0x00000000eb700000)
  object space 42496K, 16% used [0x00000000c2400000,0x00000000c2aca078,0x00000000c4d80000)
 Metaspace       used 20644K, capacity 21090K, committed 21248K, reserved 1067008K
  class space    used 2590K, capacity 2723K, committed 2816K, reserved 1048576K
Event: 3.039 GC heap after
Heap after GC invocations=7 (full 0):
 PSYoungGen      total 69632K, used 3627K [0x00000000eb700000, 0x00000000f3f00000, 0x0000000100000000)
  eden space 62464K, 0% used [0x00000000eb700000,0x00000000eb700000,0x00000000ef400000)
  from space 7168K, 50% used [0x00000000ef400000,0x00000000ef78ad78,0x00000000efb00000)
  to   space 7168K, 0% used [0x00000000f3800000,0x00000000f3800000,0x00000000f3f00000)
 ParOldGen       total 42496K, used 8154K [0x00000000c2400000, 0x00000000c4d80000, 0x00000000eb700000)
  object space 42496K, 19% used [0x00000000c2400000,0x00000000c2bf6bd0,0x00000000c4d80000)
 Metaspace       used 20644K, capacity 21090K, committed 21248K, reserved 1067008K
  class space    used 2590K, capacity 2723K, committed 2816K, reserved 1048576K
}
Event: 3.039 GC heap before
{Heap before GC invocations=8 (full 1):
 PSYoungGen      total 69632K, used 3627K [0x00000000eb700000, 0x00000000f3f00000, 0x0000000100000000)
  eden space 62464K, 0% used [0x00000000eb700000,0x00000000eb700000,0x00000000ef400000)
  from space 7168K, 50% used [0x00000000ef400000,0x00000000ef78ad78,0x00000000efb00000)
  to   space 7168K, 0% used [0x00000000f3800000,0x00000000f3800000,0x00000000f3f00000)
 ParOldGen       total 42496K, used 8154K [0x00000000c2400000, 0x00000000c4d80000, 0x00000000eb700000)
  object space 42496K, 19% used [0x00000000c2400000,0x00000000c2bf6bd0,0x00000000c4d80000)
 Metaspace       used 20644K, capacity 21090K, committed 21248K, reserved 1067008K
  class space    used 2590K, capacity 2723K, committed 2816K, reserved 1048576K
Event: 3.080 GC heap after
Heap after GC invocations=8 (full 1):
 PSYoungGen      total 69632K, used 0K [0x00000000eb700000, 0x00000000f3f00000, 0x0000000100000000)
  eden space 62464K, 0% used [0x00000000eb700000,0x00000000eb700000,0x00000000ef400000)
  from space 7168K, 0% used [0x00000000ef400000,0x00000000ef400000,0x00000000efb00000)
  to   space 7168K, 0% used [0x00000000f3800000,0x00000000f3800000,0x00000000f3f00000)
 ParOldGen       total 29184K, used 5598K [0x00000000c2400000, 0x00000000c4080000, 0x00000000eb700000)
  object space 29184K, 19% used [0x00000000c2400000,0x00000000c29778f8,0x00000000c4080000)
 Metaspace       used 20642K, capacity 21084K, committed 21248K, reserved 1067008K
  class space    used 2589K, capacity 2722K, committed 2816K, reserved 1048576K
}
Event: 4.525 GC heap before
{Heap before GC invocations=9 (full 1):
 PSYoungGen      total 69632K, used 62464K [0x00000000eb700000, 0x00000000f3f00000, 0x0000000100000000)
  eden space 62464K, 100% used [0x00000000eb700000,0x00000000ef400000,0x00000000ef400000)
  from space 7168K, 0% used [0x00000000ef400000,0x00000000ef400000,0x00000000efb00000)
  to   space 7168K, 0% used [0x00000000f3800000,0x00000000f3800000,0x00000000f3f00000)
 ParOldGen       total 29184K, used 5598K [0x00000000c2400000, 0x00000000c4080000, 0x00000000eb700000)
  object space 29184K, 19% used [0x00000000c2400000,0x00000000c29778f8,0x00000000c4080000)
 Metaspace       used 25678K, capacity 26576K, committed 26880K, reserved 1073152K
  class space    used 3237K, capacity 3474K, committed 3584K, reserved 1048576K
Event: 4.558 GC heap after
Heap after GC invocations=9 (full 1):
 PSYoungGen      total 113664K, used 7147K [0x00000000eb700000, 0x00000000f3f00000, 0x0000000100000000)
  eden space 106496K, 0% used [0x00000000eb700000,0x00000000eb700000,0x00000000f1f00000)
  from space 7168K, 99% used [0x00000000f3800000,0x00000000f3efad30,0x00000000f3f00000)
  to   space 8192K, 0% used [0x00000000f2f00000,0x00000000f2f00000,0x00000000f3700000)
 ParOldGen       total 29184K, used 5606K [0x00000000c2400000, 0x00000000c4080000, 0x00000000eb700000)
  object space 29184K, 19% used [0x00000000c2400000,0x00000000c29798f8,0x00000000c4080000)
 Metaspace       used 25678K, capacity 26576K, committed 26880K, reserved 1073152K
  class space    used 3237K, capacity 3474K, committed 3584K, reserved 1048576K
}
Event: 6.858 GC heap before
{Heap before GC invocations=10 (full 1):
 PSYoungGen      total 113664K, used 113643K [0x00000000eb700000, 0x00000000f3f00000, 0x0000000100000000)
  eden space 106496K, 100% used [0x00000000eb700000,0x00000000f1f00000,0x00000000f1f00000)
  from space 7168K, 99% used [0x00000000f3800000,0x00000000f3efad30,0x00000000f3f00000)
  to   space 8192K, 0% used [0x00000000f2f00000,0x00000000f2f00000,0x00000000f3700000)
 ParOldGen       total 29184K, used 5606K [0x00000000c2400000, 0x00000000c4080000, 0x00000000eb700000)
  object space 29184K, 19% used [0x00000000c2400000,0x00000000c29798f8,0x00000000c4080000)
 Metaspace       used 32328K, capacity 33804K, committed 34048K, reserved 1079296K
  class space    used 4042K, capacity 4352K, committed 4352K, reserved 1048576K
Event: 6.909 GC heap after
Heap after GC invocations=10 (full 1):
 PSYoungGen      total 131072K, used 8183K [0x00000000eb700000, 0x00000000f5f00000, 0x0000000100000000)
  eden space 122880K, 0% used [0x00000000eb700000,0x00000000eb700000,0x00000000f2f00000)
  from space 8192K, 99% used [0x00000000f2f00000,0x00000000f36fdca8,0x00000000f3700000)
  to   space 10752K, 0% used [0x00000000f5480000,0x00000000f5480000,0x00000000f5f00000)
 ParOldGen       total 29184K, used 9048K [0x00000000c2400000, 0x00000000c4080000, 0x00000000eb700000)
  object space 29184K, 31% used [0x00000000c2400000,0x00000000c2cd6010,0x00000000c4080000)
 Metaspace       used 32328K, capacity 33804K, committed 34048K, reserved 1079296K
  class space    used 4042K, capacity 4352K, committed 4352K, reserved 1048576K
}
Event: 7.447 GC heap before
{Heap before GC invocations=11 (full 1):
 PSYoungGen      total 131072K, used 24155K [0x00000000eb700000, 0x00000000f5f00000, 0x0000000100000000)
  eden space 122880K, 12% used [0x00000000eb700000,0x00000000ec699138,0x00000000f2f00000)
  from space 8192K, 99% used [0x00000000f2f00000,0x00000000f36fdca8,0x00000000f3700000)
  to   space 10752K, 0% used [0x00000000f5480000,0x00000000f5480000,0x00000000f5f00000)
 ParOldGen       total 29184K, used 9048K [0x00000000c2400000, 0x00000000c4080000, 0x00000000eb700000)
  object space 29184K, 31% used [0x00000000c2400000,0x00000000c2cd6010,0x00000000c4080000)
 Metaspace       used 33755K, capacity 35236K, committed 35416K, reserved 1081344K
  class space    used 4215K, capacity 4490K, committed 4608K, reserved 1048576K

