# JRE version: OpenJDK Runtime Environment (8.0_222-b10) (build 1.8.0_222-8u222-b10-1ubuntu1~18.04.1-b10)
# Java VM: OpenJDK 64-Bit Server VM (25.222-b10 mixed mode linux-amd64 compressed oops)
Heap:
 PSYoungGen      total 118272K, used 7664K [0x00000000eb700000, 0x00000000f3d80000, 0x0000000100000000)
  eden space 110592K, 0% used [0x00000000eb700000,0x00000000eb700000,0x00000000f2300000)
  from space 7680K, 99% used [0x00000000f2e80000,0x00000000f35fc038,0x00000000f3600000)
  to   space 6144K, 0% used [0x00000000f3780000,0x00000000f3780000,0x00000000f3d80000)
 ParOldGen       total 26624K, used 8929K [0x00000000c2400000, 0x00000000c3e00000, 0x00000000eb700000)
  object space 26624K, 33% used [0x00000000c2400000,0x00000000c2cb84c0,0x00000000c3e00000)
 Metaspace       used 31560K, capacity 32920K, committed 33152K, reserved 1079296K
  class space    used 3949K, capacity 4214K, committed 4224K, reserved 1048576K
GC Heap History (10 events):
Event: 3.008 GC heap after
Heap after GC invocations=5 (full 0):
 PSYoungGen      total 34304K, used 2544K [0x00000000eb700000, 0x00000000f0100000, 0x0000000100000000)
  eden space 31744K, 0% used [0x00000000eb700000,0x00000000eb700000,0x00000000ed600000)
  from space 2560K, 99% used [0x00000000ed600000,0x00000000ed87c010,0x00000000ed880000)
  to   space 6144K, 0% used [0x00000000efb00000,0x00000000efb00000,0x00000000f0100000)
 ParOldGen       total 42496K, used 6348K [0x00000000c2400000, 0x00000000c4d80000, 0x00000000eb700000)
  object space 42496K, 14% used [0x00000000c2400000,0x00000000c2a332f8,0x00000000c4d80000)
 Metaspace       used 15860K, capacity 16302K, committed 16512K, reserved 1062912K
  class space    used 2013K, capacity 2151K, committed 2176K, reserved 1048576K
}
Event: 3.912 GC heap before
{Heap before GC invocations=6 (full 0):
 PSYoungGen      total 34304K, used 34288K [0x00000000eb700000, 0x00000000f0100000, 0x0000000100000000)
  eden space 31744K, 100% used [0x00000000eb700000,0x00000000ed600000,0x00000000ed600000)
  from space 2560K, 99% used [0x00000000ed600000,0x00000000ed87c010,0x00000000ed880000)
  to   space 6144K, 0% used [0x00000000efb00000,0x00000000efb00000,0x00000000f0100000)
 ParOldGen       total 42496K, used 6348K [0x00000000c2400000, 0x00000000c4d80000, 0x00000000eb700000)
  object space 42496K, 14% used [0x00000000c2400000,0x00000000c2a332f8,0x00000000c4d80000)
 Metaspace       used 19925K, capacity 20374K, committed 20608K, reserved 1067008K
  class space    used 2516K, capacity 2651K, committed 2688K, reserved 1048576K
Event: 3.926 GC heap after
Heap after GC invocations=6 (full 0):
 PSYoungGen      total 68096K, used 6131K [0x00000000eb700000, 0x00000000f0400000, 0x0000000100000000)
  eden space 61952K, 0% used [0x00000000eb700000,0x00000000eb700000,0x00000000ef380000)
  from space 6144K, 99% used [0x00000000efb00000,0x00000000f00fcd78,0x00000000f0100000)
  to   space 7680K, 0% used [0x00000000ef380000,0x00000000ef380000,0x00000000efb00000)
 ParOldGen       total 42496K, used 7284K [0x00000000c2400000, 0x00000000c4d80000, 0x00000000eb700000)
  object space 42496K, 17% used [0x00000000c2400000,0x00000000c2b1d3f8,0x00000000c4d80000)
 Metaspace       used 19925K, capacity 20374K, committed 20608K, reserved 1067008K
  class space    used 2516K, capacity 2651K, committed 2688K, reserved 1048576K
}
Event: 4.001 GC heap before
{Heap before GC invocations=7 (full 0):
 PSYoungGen      total 68096K, used 34821K [0x00000000eb700000, 0x00000000f0400000, 0x0000000100000000)
  eden space 61952K, 46% used [0x00000000eb700000,0x00000000ed3046f0,0x00000000ef380000)
  from space 6144K, 99% used [0x00000000efb00000,0x00000000f00fcd78,0x00000000f0100000)
  to   space 7680K, 0% used [0x00000000ef380000,0x00000000ef380000,0x00000000efb00000)
 ParOldGen       total 42496K, used 7284K [0x00000000c2400000, 0x00000000c4d80000, 0x00000000eb700000)
  object space 42496K, 17% used [0x00000000c2400000,0x00000000c2b1d3f8,0x00000000c4d80000)
 Metaspace       used 20626K, capacity 21110K, committed 21248K, reserved 1067008K
  class space    used 2597K, capacity 2747K, committed 2816K, reserved 1048576K
Event: 4.024 GC heap after
Heap after GC invocations=7 (full 0):
 PSYoungGen      total 69632K, used 2730K [0x00000000eb700000, 0x00000000f3f00000, 0x0000000100000000)
  eden space 61952K, 0% used [0x00000000eb700000,0x00000000eb700000,0x00000000ef380000)
  from space 7680K, 35% used [0x00000000ef380000,0x00000000ef62a840,0x00000000efb00000)
  to   space 7680K, 0% used [0x00000000f3780000,0x00000000f3780000,0x00000000f3f00000)
 ParOldGen       total 42496K, used 8575K [0x00000000c2400000, 0x00000000c4d80000, 0x00000000eb700000)
  object space 42496K, 20% used [0x00000000c2400000,0x00000000c2c5ff50,0x00000000c4d80000)
 Metaspace       used 20626K, capacity 21110K, committed 21248K, reserved 1067008K
  class space    used 2597K, capacity 2747K, committed 2816K, reserved 1048576K
}
Event: 4.024 GC heap before
{Heap before GC invocations=8 (full 1):
 PSYoungGen      total 69632K, used 2730K [0x00000000eb700000, 0x00000000f3f00000, 0x0000000100000000)
  eden space 61952K, 0% used [0x00000000eb700000,0x00000000eb700000,0x00000000ef380000)
  from space 7680K, 35% used [0x00000000ef380000,0x00000000ef62a840,0x00000000efb00000)
  to   space 7680K, 0% used [0x00000000f3780000,0x00000000f3780000,0x00000000f3f00000)
 ParOldGen       total 42496K, used 8575K [0x00000000c2400000, 0x00000000c4d80000, 0x00000000eb700000)
  object space 42496K, 20% used [0x00000000c2400000,0x00000000c2c5ff50,0x00000000c4d80000)
 Metaspace       used 20626K, capacity 21110K, committed 21248K, reserved 1067008K
  class space    used 2597K, capacity 2747K, committed 2816K, reserved 1048576K
Event: 4.094 GC heap after
Heap after GC invocations=8 (full 1):
 PSYoungGen      total 69632K, used 0K [0x00000000eb700000, 0x00000000f3f00000, 0x0000000100000000)
  eden space 61952K, 0% used [0x00000000eb700000,0x00000000eb700000,0x00000000ef380000)
  from space 7680K, 0% used [0x00000000ef380000,0x00000000ef380000,0x00000000efb00000)
  to   space 7680K, 0% used [0x00000000f3780000,0x00000000f3780000,0x00000000f3f00000)
 ParOldGen       total 26624K, used 4750K [0x00000000c2400000, 0x00000000c3e00000, 0x00000000eb700000)
  object space 26624K, 17% used [0x00000000c2400000,0x00000000c28a38e0,0x00000000c3e00000)
 Metaspace       used 20625K, capacity 21104K, committed 21248K, reserved 1067008K
  class space    used 2596K, capacity 2746K, committed 2816K, reserved 1048576K
}
Event: 6.688 GC heap before
{Heap before GC invocations=9 (full 1):
 PSYoungGen      total 69632K, used 61952K [0x00000000eb700000, 0x00000000f3f00000, 0x0000000100000000)
  eden space 61952K, 100% used [0x00000000eb700000,0x00000000ef380000,0x00000000ef380000)
  from space 7680K, 0% used [0x00000000ef380000,0x00000000ef380000,0x00000000efb00000)
  to   space 7680K, 0% used [0x00000000f3780000,0x00000000f3780000,0x00000000f3f00000)
 ParOldGen       total 26624K, used 4750K [0x00000000c2400000, 0x00000000c3e00000, 0x00000000eb700000)
  object space 26624K, 17% used [0x00000000c2400000,0x00000000c28a38e0,0x00000000c3e00000)
 Metaspace       used 24557K, capacity 25282K, committed 25600K, reserved 1071104K
  class space    used 3069K, capacity 3249K, committed 3328K, reserved 1048576K
Event: 6.725 GC heap after
Heap after GC invocations=9 (full 1):
 PSYoungGen      total 116736K, used 6040K [0x00000000eb700000, 0x00000000f3d80000, 0x0000000100000000)
  eden space 110592K, 0% used [0x00000000eb700000,0x00000000eb700000,0x00000000f2300000)
  from space 6144K, 98% used [0x00000000f3780000,0x00000000f3d663a8,0x00000000f3d80000)
  to   space 7680K, 0% used [0x00000000f2e80000,0x00000000f2e80000,0x00000000f3600000)
 ParOldGen       total 26624K, used 4822K [0x00000000c2400000, 0x00000000c3e00000, 0x00000000eb700000)
  object space 26624K, 18% used [0x00000000c2400000,0x00000000c28b58f0,0x00000000c3e00000)
 Metaspace       used 24557K, capacity 25282K, committed 25600K, reserved 1071104K
  class space    used 3069K, capacity 3249K, committed 3328K, reserved 1048576K
}
Event: 43.456 GC heap before
{Heap before GC invocations=10 (full 1):
 PSYoungGen      total 116736K, used 116632K [0x00000000eb700000, 0x00000000f3d80000, 0x0000000100000000)
  eden space 110592K, 100% used [0x00000000eb700000,0x00000000f2300000,0x00000000f2300000)
  from space 6144K, 98% used [0x00000000f3780000,0x00000000f3d663a8,0x00000000f3d80000)
  to   space 7680K, 0% used [0x00000000f2e80000,0x00000000f2e80000,0x00000000f3600000)
 ParOldGen       total 26624K, used 4822K [0x00000000c2400000, 0x00000000c3e00000, 0x00000000eb700000)
  object space 26624K, 18% used [0x00000000c2400000,0x00000000c28b58f0,0x00000000c3e00000)
 Metaspace       used 31560K, capacity 32920K, committed 33152K, reserved 1079296K
  class space    used 3949K, capacity 4214K, committed 4224K, reserved 1048576K

